This is pdfTeX, Version 3.1415926-2.5-1.40.14 (TeX Live 2013) (format=pdflatex 2018.1.4)  12 JAN 2018 10:01
entering extended mode
 \write18 enabled.
 file:line:error style messages enabled.
 %&-line parsing enabled.
**S275_cruiseReport.tex
(./S275_cruiseReport.tex
LaTeX2e <2011/06/27>
Babel <3.9f> and hyphenation patterns for 78 languages loaded.
(/usr/local/texlive/2013/texmf-dist/tex/latex/base/article.cls
Document Class: article 2007/10/19 v1.4h Standard LaTeX document class
(/usr/local/texlive/2013/texmf-dist/tex/latex/base/size11.clo
File: size11.clo 2007/10/19 v1.4h Standard LaTeX file (size option)
)
\c@part=\count79
\c@section=\count80
\c@subsection=\count81
\c@subsubsection=\count82
\c@paragraph=\count83
\c@subparagraph=\count84
\c@figure=\count85
\c@table=\count86
\abovecaptionskip=\skip41
\belowcaptionskip=\skip42
\bibindent=\dimen102
) (/usr/local/texlive/2013/texmf-dist/tex/latex/base/inputenc.sty
Package: inputenc 2008/03/30 v1.1d Input encoding file
\inpenc@prehook=\toks14
\inpenc@posthook=\toks15
(/usr/local/texlive/2013/texmf-dist/tex/latex/ucs/utf8x.def
File: utf8x.def 2004/10/17 UCS: Input encoding UTF-8
)) (/usr/local/texlive/2013/texmf-dist/tex/latex/ucs/ucs.sty
Package: ucs 2013/05/11 v2.2 UCS: Unicode input support
(/usr/local/texlive/2013/texmf-dist/tex/latex/ucs/data/uni-global.def
File: uni-global.def 2013/05/13 UCS: Unicode global data
)
\uc@secondtry=\count87
\uc@combtoks=\toks16
\uc@combtoksb=\toks17
\uc@temptokena=\toks18
) (/usr/local/texlive/2013/texmf-dist/tex/latex/graphics/graphicx.sty
Package: graphicx 1999/02/16 v1.0f Enhanced LaTeX Graphics (DPC,SPQR)
(/usr/local/texlive/2013/texmf-dist/tex/latex/graphics/keyval.sty
Package: keyval 1999/03/16 v1.13 key=value parser (DPC)
\KV@toks@=\toks19
) (/usr/local/texlive/2013/texmf-dist/tex/latex/graphics/graphics.sty
Package: graphics 2009/02/05 v1.0o Standard LaTeX Graphics (DPC,SPQR)
(/usr/local/texlive/2013/texmf-dist/tex/latex/graphics/trig.sty
Package: trig 1999/03/16 v1.09 sin cos tan (DPC)
) (/usr/local/texlive/2013/texmf-dist/tex/latex/latexconfig/graphics.cfg
File: graphics.cfg 2010/04/23 v1.9 graphics configuration of TeX Live
)
Package graphics Info: Driver file: pdftex.def on input line 91.
(/usr/local/texlive/2013/texmf-dist/tex/latex/pdftex-def/pdftex.def
File: pdftex.def 2011/05/27 v0.06d Graphics/color for pdfTeX
(/usr/local/texlive/2013/texmf-dist/tex/generic/oberdiek/infwarerr.sty
Package: infwarerr 2010/04/08 v1.3 Providing info/warning/error messages (HO)
) (/usr/local/texlive/2013/texmf-dist/tex/generic/oberdiek/ltxcmds.sty
Package: ltxcmds 2011/11/09 v1.22 LaTeX kernel commands for general use (HO)
)
\Gread@gobject=\count88
))
\Gin@req@height=\dimen103
\Gin@req@width=\dimen104
) (/usr/local/texlive/2013/texmf-dist/tex/latex/amsmath/amsmath.sty
Package: amsmath 2013/01/14 v2.14 AMS math features
\@mathmargin=\skip43
For additional information on amsmath, use the `?' option.
(/usr/local/texlive/2013/texmf-dist/tex/latex/amsmath/amstext.sty
Package: amstext 2000/06/29 v2.01
(/usr/local/texlive/2013/texmf-dist/tex/latex/amsmath/amsgen.sty
File: amsgen.sty 1999/11/30 v2.0
\@emptytoks=\toks20
\ex@=\dimen105
)) (/usr/local/texlive/2013/texmf-dist/tex/latex/amsmath/amsbsy.sty
Package: amsbsy 1999/11/29 v1.2d
\pmbraise@=\dimen106
) (/usr/local/texlive/2013/texmf-dist/tex/latex/amsmath/amsopn.sty
Package: amsopn 1999/12/14 v2.01 operator names
)
\inf@bad=\count89
LaTeX Info: Redefining \frac on input line 210.
\uproot@=\count90
\leftroot@=\count91
LaTeX Info: Redefining \overline on input line 306.
\classnum@=\count92
\DOTSCASE@=\count93
LaTeX Info: Redefining \ldots on input line 378.
LaTeX Info: Redefining \dots on input line 381.
LaTeX Info: Redefining \cdots on input line 466.
\Mathstrutbox@=\box26
\strutbox@=\box27
\big@size=\dimen107
LaTeX Font Info:    Redeclaring font encoding OML on input line 566.
LaTeX Font Info:    Redeclaring font encoding OMS on input line 567.
\macc@depth=\count94
\c@MaxMatrixCols=\count95
\dotsspace@=\muskip10
\c@parentequation=\count96
\dspbrk@lvl=\count97
\tag@help=\toks21
\row@=\count98
\column@=\count99
\maxfields@=\count100
\andhelp@=\toks22
\eqnshift@=\dimen108
\alignsep@=\dimen109
\tagshift@=\dimen110
\tagwidth@=\dimen111
\totwidth@=\dimen112
\lineht@=\dimen113
\@envbody=\toks23
\multlinegap=\skip44
\multlinetaggap=\skip45
\mathdisplay@stack=\toks24
LaTeX Info: Redefining \[ on input line 2665.
LaTeX Info: Redefining \] on input line 2666.
) (/usr/local/texlive/2013/texmf-dist/tex/latex/natbib/natbib.sty
Package: natbib 2010/09/13 8.31b (PWD, AO)
\bibhang=\skip46
\bibsep=\skip47
LaTeX Info: Redefining \cite on input line 694.
\c@NAT@ctr=\count101
) (/usr/local/texlive/2013/texmf-dist/tex/latex/setspace/setspace.sty
Package: setspace 2011/12/19 v6.7a set line spacing
) (/usr/local/texlive/2013/texmf-dist/tex/latex/graphics/lscape.sty
Package: lscape 2000/10/22 v3.01 Landscape Pages (DPC)
) (/usr/local/texlive/2013/texmf-dist/tex/latex/tools/longtable.sty
Package: longtable 2004/02/01 v4.11 Multi-page Table package (DPC)
\LTleft=\skip48
\LTright=\skip49
\LTpre=\skip50
\LTpost=\skip51
\LTchunksize=\count102
\LTcapwidth=\dimen114
\LT@head=\box28
\LT@firsthead=\box29
\LT@foot=\box30
\LT@lastfoot=\box31
\LT@cols=\count103
\LT@rows=\count104
\c@LT@tables=\count105
\c@LT@chunks=\count106
\LT@p@ftn=\toks25
) (/usr/local/texlive/2013/texmf-dist/tex/latex/tools/tabularx.sty
Package: tabularx 1999/01/07 v2.07 `tabularx' package (DPC)
(/usr/local/texlive/2013/texmf-dist/tex/latex/tools/array.sty
Package: array 2008/09/09 v2.4c Tabular extension package (FMi)
\col@sep=\dimen115
\extrarowheight=\dimen116
\NC@list=\toks26
\extratabsurround=\skip52
\backup@length=\skip53
)
\TX@col@width=\dimen117
\TX@old@table=\dimen118
\TX@old@col=\dimen119
\TX@target=\dimen120
\TX@delta=\dimen121
\TX@cols=\count107
\TX@ftn=\toks27
) (/usr/local/texlive/2013/texmf-dist/tex/latex/oberdiek/pdflscape.sty
Package: pdflscape 2008/08/11 v0.10 Display of landscape pages in PDF (HO)
(/usr/local/texlive/2013/texmf-dist/tex/generic/oberdiek/ifpdf.sty
Package: ifpdf 2011/01/30 v2.3 Provides the ifpdf switch (HO)
Package ifpdf Info: pdfTeX in PDF mode is detected.
)
Package pdflscape Info: Auto-detected driver: pdftex on input line 80.
(/usr/local/texlive/2013/texmf-dist/tex/generic/ifxetex/ifxetex.sty
Package: ifxetex 2010/09/12 v0.6 Provides ifxetex conditional
)) (/usr/local/texlive/2013/texmf-dist/tex/latex/geometry/geometry.sty
Package: geometry 2010/09/12 v5.6 Page Geometry
(/usr/local/texlive/2013/texmf-dist/tex/generic/oberdiek/ifvtex.sty
Package: ifvtex 2010/03/01 v1.5 Detect VTeX and its facilities (HO)
Package ifvtex Info: VTeX not detected.
)
\Gm@cnth=\count108
\Gm@cntv=\count109
\c@Gm@tempcnt=\count110
\Gm@bindingoffset=\dimen122
\Gm@wd@mp=\dimen123
\Gm@odd@mp=\dimen124
\Gm@even@mp=\dimen125
\Gm@layoutwidth=\dimen126
\Gm@layoutheight=\dimen127
\Gm@layouthoffset=\dimen128
\Gm@layoutvoffset=\dimen129
\Gm@dimlist=\toks28
) (/usr/local/texlive/2013/texmf-dist/tex/latex/wrapfig/wrapfig.sty
\wrapoverhang=\dimen130
\WF@size=\dimen131
\c@WF@wrappedlines=\count111
\WF@box=\box32
\WF@everypar=\toks29
Package: wrapfig 2003/01/31  v 3.6
) (./S275_cruiseReport.aux

LaTeX Warning: Label `hydrowork' multiply defined.

)
\openout1 = `S275_cruiseReport.aux'.

LaTeX Font Info:    Checking defaults for OML/cmm/m/it on input line 40.
LaTeX Font Info:    ... okay on input line 40.
LaTeX Font Info:    Checking defaults for T1/cmr/m/n on input line 40.
LaTeX Font Info:    ... okay on input line 40.
LaTeX Font Info:    Checking defaults for OT1/cmr/m/n on input line 40.
LaTeX Font Info:    ... okay on input line 40.
LaTeX Font Info:    Checking defaults for OMS/cmsy/m/n on input line 40.
LaTeX Font Info:    ... okay on input line 40.
LaTeX Font Info:    Checking defaults for OMX/cmex/m/n on input line 40.
LaTeX Font Info:    ... okay on input line 40.
LaTeX Font Info:    Checking defaults for U/cmr/m/n on input line 40.
LaTeX Font Info:    ... okay on input line 40.
(/usr/local/texlive/2013/texmf-dist/tex/latex/ucs/ucsencs.def
File: ucsencs.def 2011/01/21 Fixes to fontencodings LGR, T3
) (/usr/local/texlive/2013/texmf-dist/tex/context/base/supp-pdf.mkii
[Loading MPS to PDF converter (version 2006.09.02).]
\scratchcounter=\count112
\scratchdimen=\dimen132
\scratchbox=\box33
\nofMPsegments=\count113
\nofMParguments=\count114
\everyMPshowfont=\toks30
\MPscratchCnt=\count115
\MPscratchDim=\dimen133
\MPnumerator=\count116
\makeMPintoPDFobject=\count117
\everyMPtoPDFconversion=\toks31
) (/usr/local/texlive/2013/texmf-dist/tex/generic/oberdiek/pdftexcmds.sty
Package: pdftexcmds 2011/11/29 v0.20 Utility functions of pdfTeX for LuaTeX (HO
)
(/usr/local/texlive/2013/texmf-dist/tex/generic/oberdiek/ifluatex.sty
Package: ifluatex 2010/03/01 v1.3 Provides the ifluatex switch (HO)
Package ifluatex Info: LuaTeX not detected.
)
Package pdftexcmds Info: LuaTeX not detected.
Package pdftexcmds Info: \pdf@primitive is available.
Package pdftexcmds Info: \pdf@ifprimitive is available.
Package pdftexcmds Info: \pdfdraftmode found.
) (/usr/local/texlive/2013/texmf-dist/tex/latex/oberdiek/epstopdf-base.sty
Package: epstopdf-base 2010/02/09 v2.5 Base part for package epstopdf
(/usr/local/texlive/2013/texmf-dist/tex/latex/oberdiek/grfext.sty
Package: grfext 2010/08/19 v1.1 Manage graphics extensions (HO)
(/usr/local/texlive/2013/texmf-dist/tex/generic/oberdiek/kvdefinekeys.sty
Package: kvdefinekeys 2011/04/07 v1.3 Define keys (HO)
)) (/usr/local/texlive/2013/texmf-dist/tex/latex/oberdiek/kvoptions.sty
Package: kvoptions 2011/06/30 v3.11 Key value format for package options (HO)
(/usr/local/texlive/2013/texmf-dist/tex/generic/oberdiek/kvsetkeys.sty
Package: kvsetkeys 2012/04/25 v1.16 Key value parser (HO)
(/usr/local/texlive/2013/texmf-dist/tex/generic/oberdiek/etexcmds.sty
Package: etexcmds 2011/02/16 v1.5 Avoid name clashes with e-TeX commands (HO)
Package etexcmds Info: Could not find \expanded.
(etexcmds)             That can mean that you are not using pdfTeX 1.50 or
(etexcmds)             that some package has redefined \expanded.
(etexcmds)             In the latter case, load this package earlier.
)))
Package grfext Info: Graphics extension search list:
(grfext)             [.png,.pdf,.jpg,.mps,.jpeg,.jbig2,.jb2,.PNG,.PDF,.JPG,.JPE
G,.JBIG2,.JB2,.eps]
(grfext)             \AppendGraphicsExtensions on input line 452.
(/usr/local/texlive/2013/texmf-dist/tex/latex/latexconfig/epstopdf-sys.cfg
File: epstopdf-sys.cfg 2010/07/13 v1.3 Configuration of (r)epstopdf for TeX Liv
e
))
*geometry* driver: auto-detecting
*geometry* detected driver: pdftex
*geometry* verbose mode - [ preamble ] result:
* driver: pdftex
* paper: letterpaper
* layout: <same size as paper>
* layoutoffset:(h,v)=(0.0pt,0.0pt)
* modes: 
* h-part:(L,W,R)=(56.9055pt, 500.484pt, 56.9055pt)
* v-part:(T,H,B)=(56.9055pt, 681.15898pt, 56.9055pt)
* \paperwidth=614.295pt
* \paperheight=794.96999pt
* \textwidth=500.484pt
* \textheight=681.15898pt
* \oddsidemargin=-15.36449pt
* \evensidemargin=-15.36449pt
* \topmargin=-52.36449pt
* \headheight=12.0pt
* \headsep=25.0pt
* \topskip=11.0pt
* \footskip=14.22636pt
* \marginparwidth=59.0pt
* \marginparsep=10.0pt
* \columnsep=10.0pt
* \skip\footins=10.0pt plus 4.0pt minus 2.0pt
* \hoffset=0.0pt
* \voffset=0.0pt
* \mag=1000
* \@twocolumnfalse
* \@twosidefalse
* \@mparswitchfalse
* \@reversemarginfalse
* (1in=72.27pt=25.4mm, 1cm=28.453pt)


LaTeX Font Warning: Font shape `OT1/cmr/bx/sc' undefined
(Font)              using `OT1/cmr/bx/n' instead on input line 48.

<./images/S275_cover.png, id=1, 624.53325pt x 468.24937pt>
File: ./images/S275_cover.png Graphic file (type png)
<use ./images/S275_cover.png>
Package pdftex.def Info: ./images/S275_cover.png used on input line 53.
(pdftex.def)             Requested size: 363.41121pt x 272.45943pt.
[1

{/usr/local/texlive/2013/texmf-var/fonts/map/pdftex/updmap/pdftex.map} <./image
s/S275_cover.png>]
Underfull \hbox (badness 10000) in paragraph at lines 63--69

 []

[1] (./S275_cruiseReport.lof)
\tf@lof=\write3
\openout3 = `S275_cruiseReport.lof'.

(./S275_cruiseReport.lot)
\tf@lot=\write4
\openout4 = `S275_cruiseReport.lot'.

[2

]

./S275_cruiseReport.tex:78: LaTeX Error: There's no line here to end.

See the LaTeX manual or LaTeX Companion for explanation.
Type  H <return>  for immediate help.
 ...                                              
                                                  
l.78 \\
       
Your command was ignored.
Type  I <command> <return>  to replace it with another command,
or  <return>  to continue without it.


./S275_cruiseReport.tex:79: LaTeX Error: There's no line here to end.

See the LaTeX manual or LaTeX Companion for explanation.
Type  H <return>  for immediate help.
 ...                                              
                                                  
l.79 \begin
           {tabular}{p{8cm} l}
Your command was ignored.
Type  I <command> <return>  to replace it with another command,
or  <return>  to continue without it.

[3] <./plots/S275_cruiseTrack.png, id=22, 505.89pt x 505.89pt>
File: ./plots/S275_cruiseTrack.png Graphic file (type png)
<use ./plots/S275_cruiseTrack.png>
Package pdftex.def Info: ./plots/S275_cruiseTrack.png used on input line 137.
(pdftex.def)             Requested size: 250.24199pt x 250.24263pt.

Underfull \hbox (badness 1742) in paragraph at lines 138--138
[]\OT1/cmr/m/n/10.95 Figure 1: The S275 cruise track from hourly
 []


Underfull \hbox (badness 1442) in paragraph at lines 138--138
\OT1/cmr/m/n/10.95 GPS data. Over-laid are the lo-ca-tions of the
 []


Underfull \hbox (badness 1931) in paragraph at lines 142--143
[]\OT1/cmr/m/n/10.95 This re-port sum-ma-rizes the sci-ence ac-tiv-i-ties
 []

LaTeX Font Info:    Try loading font information for OMS+cmr on input line 151.

(/usr/local/texlive/2013/texmf-dist/tex/latex/base/omscmr.fd
File: omscmr.fd 1999/05/25 v2.5h Standard LaTeX font definitions
)
LaTeX Font Info:    Font shape `OMS/cmr/m/n' in size <10.95> not available
(Font)              Font shape `OMS/cmsy/m/n' tried instead on input line 151.
[4


 <./plots/S275_cruiseTrack.png (PNG copy)>] [5] [6] <./plots/S275_CTD_section.p
ng, id=35, 650.43pt x 650.43pt>
File: ./plots/S275_CTD_section.png Graphic file (type png)
<use ./plots/S275_CTD_section.png>
Package pdftex.def Info: ./plots/S275_CTD_section.png used on input line 200.
(pdftex.def)             Requested size: 450.43253pt x 450.44469pt.
<./plots/S275_CTD_section_2.png, id=36, 505.89pt x 433.62pt>
File: ./plots/S275_CTD_section_2.png Graphic file (type png)
<use ./plots/S275_CTD_section_2.png>
Package pdftex.def Info: ./plots/S275_CTD_section_2.png used on input line 207.

(pdftex.def)             Requested size: 500.484pt x 428.994pt.
<./plots/S275_009_RBR_grid.png, id=37, 722.7pt x 505.89pt>
File: ./plots/S275_009_RBR_grid.png Graphic file (type png)
<use ./plots/S275_009_RBR_grid.png>
Package pdftex.def Info: ./plots/S275_009_RBR_grid.png used on input line 214.
(pdftex.def)             Requested size: 500.484pt x 350.33813pt.
<./plots/S275_hydrowork.png, id=38, 794.97pt x 794.97pt>
File: ./plots/S275_hydrowork.png Graphic file (type png)
<use ./plots/S275_hydrowork.png>
Package pdftex.def Info: ./plots/S275_hydrowork.png used on input line 222.
(pdftex.def)             Requested size: 500.484pt x 500.49411pt.
<./plots/S275_flowthrough.png, id=39, 505.89pt x 505.89pt>
File: ./plots/S275_flowthrough.png Graphic file (type png)
<use ./plots/S275_flowthrough.png>
Package pdftex.def Info: ./plots/S275_flowthrough.png used on input line 229.
(pdftex.def)             Requested size: 500.484pt x 500.49298pt.
<./plots/S275_surfStat.png, id=40, 650.43pt x 650.43pt>
File: ./plots/S275_surfStat.png Graphic file (type png)
<use ./plots/S275_surfStat.png>
Package pdftex.def Info: ./plots/S275_surfStat.png used on input line 236.
(pdftex.def)             Requested size: 500.484pt x 500.49521pt.
<./plots/S275_winds.png, id=41, 505.89pt x 505.89pt>
File: ./plots/S275_winds.png Graphic file (type png)
<use ./plots/S275_winds.png>
Package pdftex.def Info: ./plots/S275_winds.png used on input line 243.
(pdftex.def)             Requested size: 500.484pt x 500.49298pt.
(/usr/local/texlive/2013/texmf-dist/tex/latex/ucs/data/uni-32.def
File: uni-32.def 2013/05/13 UCS: Unicode data U+2000..U+20FF
) <./plots/S275_biomass.png, id=42, 505.89pt x 505.89pt>
File: ./plots/S275_biomass.png Graphic file (type png)
<use ./plots/S275_biomass.png>
Package pdftex.def Info: ./plots/S275_biomass.png used on input line 250.
(pdftex.def)             Requested size: 500.484pt x 500.49298pt.
<./plots/S275_biodiversity.png, id=43, 505.89pt x 505.89pt>
File: ./plots/S275_biodiversity.png Graphic file (type png)
<use ./plots/S275_biodiversity.png>
Package pdftex.def Info: ./plots/S275_biodiversity.png used on input line 257.
(pdftex.def)             Requested size: 500.484pt x 500.49298pt.
<./plots/S275_plastics.png, id=44, 505.89pt x 505.89pt>
File: ./plots/S275_plastics.png Graphic file (type png)
<use ./plots/S275_plastics.png>
Package pdftex.def Info: ./plots/S275_plastics.png used on input line 264.
(pdftex.def)             Requested size: 500.484pt x 500.49298pt.
[7

 <./plots/S275_CTD_section.png (PNG copy)>] [8 <./plots/S275_CTD_section_2.png 
(PNG copy)>] [9 <./plots/S275_009_RBR_grid.png (PNG copy)>] [10 <./plots/S275_h
ydrowork.png (PNG copy)>] [11 <./plots/S275_flowthrough.png (PNG copy)>] [12 <.
/plots/S275_surfStat.png (PNG copy)>] [13 <./plots/S275_winds.png (PNG copy)>] 
[14 <./plots/S275_biomass.png>] [15 <./plots/S275_biodiversity.png>] [16 <./plo
ts/S275_plastics.png (PNG copy)>] (./tables/S275_StationSummary.tex
./tables/S275_StationSummary.tex:6: Undefined control sequence.
<recently read> \n 
                   
l.6   \hline\n
              \endfirsthead
The control sequence at the end of the top line
of your error message was never \def'ed. If you have
misspelled it (e.g., `\hobx'), type `I' and the correct
spelling (e.g., `I\hbox'). Otherwise just continue,
and I'll forget about whatever was undefined.

(/usr/local/texlive/2013/texmf-dist/tex/latex/ucs/data/uni-0.def
File: uni-0.def 2013/05/13 UCS: Unicode data U+0000..U+00FF
)
Underfull \vbox (badness 10000) detected at line 35
 []

[17


]) [18] (./tables/S275_Hydrowork.tex
./tables/S275_Hydrowork.tex:7: Undefined control sequence.
<recently read> \n 
                   
l.7 \hline\n
            \endfirsthead
The control sequence at the end of the top line
of your error message was never \def'ed. If you have
misspelled it (e.g., `\hobx'), type `I' and the correct
spelling (e.g., `I\hbox'). Otherwise just continue,
and I'll forget about whatever was undefined.


Underfull \vbox (badness 10000) detected at line 37
 []

[19

] [20] [21] [22]) [23] (./tables/S275_Ctdwork.tex
./tables/S275_Ctdwork.tex:7: Undefined control sequence.
<recently read> \n 
                   
l.7 \hline\n
            \endfirsthead
The control sequence at the end of the top line
of your error message was never \def'ed. If you have
misspelled it (e.g., `\hobx'), type `I' and the correct
spelling (e.g., `I\hbox'). Otherwise just continue,
and I'll forget about whatever was undefined.


Underfull \vbox (badness 10000) detected at line 30
 []

) [24

] (./tables/S275_surfsamp.tex
./tables/S275_surfsamp.tex:7: Undefined control sequence.
<recently read> \n 
                   
l.7 \hline\n
            \endfirsthead
The control sequence at the end of the top line
of your error message was never \def'ed. If you have
misspelled it (e.g., `\hobx'), type `I' and the correct
spelling (e.g., `I\hbox'). Otherwise just continue,
and I'll forget about whatever was undefined.


Underfull \vbox (badness 10000) detected at line 37
 []

[25

]) [26] (./tables/S275_Neuston_1.tex
./tables/S275_Neuston_1.tex:8: Undefined control sequence.
<recently read> \n 
                   
l.8 \hline\n
            \endfirsthead
The control sequence at the end of the top line
of your error message was never \def'ed. If you have
misspelled it (e.g., `\hobx'), type `I' and the correct
spelling (e.g., `I\hbox'). Otherwise just continue,
and I'll forget about whatever was undefined.


Underfull \vbox (badness 10000) detected at line 39
 []

)
Underfull \hbox (badness 10000) in paragraph at lines 296--297

 []

[27

] (./tables/S275_Neuston_2.tex
./tables/S275_Neuston_2.tex:7: Undefined control sequence.
<recently read> \n 
                   
l.7 \hline\n
            \endfirsthead
The control sequence at the end of the top line
of your error message was never \def'ed. If you have
misspelled it (e.g., `\hobx'), type `I' and the correct
spelling (e.g., `I\hbox'). Otherwise just continue,
and I'll forget about whatever was undefined.


Underfull \vbox (badness 10000) detected at line 37
 []

) [28

] (./tables/S275_Neuston_100Count_1.tex
./tables/S275_Neuston_100Count_1.tex:7: Undefined control sequence.
<recently read> \n 
                   
l.7 \hline\n
            \endfirsthead
The control sequence at the end of the top line
of your error message was never \def'ed. If you have
misspelled it (e.g., `\hobx'), type `I' and the correct
spelling (e.g., `I\hbox'). Otherwise just continue,
and I'll forget about whatever was undefined.


Underfull \vbox (badness 10000) detected at line 37
 []

) [29

] (./tables/S275_Neuston_100Count_2.tex
./tables/S275_Neuston_100Count_2.tex:7: Undefined control sequence.
<recently read> \n 
                   
l.7 \hline\n
            \endfirsthead
The control sequence at the end of the top line
of your error message was never \def'ed. If you have
misspelled it (e.g., `\hobx'), type `I' and the correct
spelling (e.g., `I\hbox'). Otherwise just continue,
and I'll forget about whatever was undefined.


Underfull \vbox (badness 10000) detected at line 37
 []

) [30

] (./S275_cruiseReport.aux)

LaTeX Font Warning: Some font shapes were not available, defaults substituted.


LaTeX Warning: There were multiply-defined labels.

 ) 
Here is how much of TeX's memory you used:
 4362 strings out of 493315
 59788 string characters out of 6137905
 162174 words of memory out of 5000000
 7697 multiletter control sequences out of 15000+600000
 11482 words of font info for 41 fonts, out of 8000000 for 9000
 957 hyphenation exceptions out of 8191
 38i,9n,24p,851b,643s stack positions out of 5000i,500n,10000p,200000b,80000s
</usr/local/texlive/2013/texmf-dist/fonts/type1/public/amsfonts/cm/cmbx10.pfb
></usr/local/texlive/2013/texmf-dist/fonts/type1/public/amsfonts/cm/cmbx12.pfb>
</usr/local/texlive/2013/texmf-dist/fonts/type1/public/amsfonts/cm/cmcsc10.pfb>
</usr/local/texlive/2013/texmf-dist/fonts/type1/public/amsfonts/cm/cmmi10.pfb><
/usr/local/texlive/2013/texmf-dist/fonts/type1/public/amsfonts/cm/cmr10.pfb></u
sr/local/texlive/2013/texmf-dist/fonts/type1/public/amsfonts/cm/cmr12.pfb></usr
/local/texlive/2013/texmf-dist/fonts/type1/public/amsfonts/cm/cmr7.pfb></usr/lo
cal/texlive/2013/texmf-dist/fonts/type1/public/amsfonts/cm/cmr8.pfb></usr/local
/texlive/2013/texmf-dist/fonts/type1/public/amsfonts/cm/cmr9.pfb></usr/local/te
xlive/2013/texmf-dist/fonts/type1/public/amsfonts/cm/cmsy10.pfb></usr/local/tex
live/2013/texmf-dist/fonts/type1/public/amsfonts/cm/cmsy7.pfb></usr/local/texli
ve/2013/texmf-dist/fonts/type1/public/amsfonts/cm/cmsy8.pfb></usr/local/texlive
/2013/texmf-dist/fonts/type1/public/amsfonts/cm/cmti10.pfb>
Output written on S275_cruiseReport.pdf (31 pages, 11022109 bytes).
PDF statistics:
 171 PDF objects out of 1000 (max. 8388607)
 109 compressed objects within 2 object streams
 0 named destinations out of 1000 (max. 500000)
 61 words of extra memory for PDF output out of 10000 (max. 10000000)

